/home/admin/.local/lib/python3.10/site-packages/requests/__init__.py:113: RequestsDependencyWarning: urllib3 (2.6.3) or chardet (7.1.0)/charset_normalizer (3.4.5) doesn't match a supported version!
  warnings.warn(
================================================================================
A 股创业板 (300xxx) 股票筛选
条件：PE<50, ROE 连续 5 年>5%, ROIC 连续 5 年>5%, 自由现金流连续 5 年>0, 资产负债率<50%
================================================================================

1. 获取创业板股票列表...
   创业板股票：939 只

2. 获取 PE 数据...
   进度：100/939
   进度：200/939
   进度：300/939
   进度：400/939
   进度：500/939
   进度：600/939
   进度：700/939
   进度：800/939
   进度：900/939

   PE<50 的股票：241/936 只

3. 获取财务数据并筛选...
   进度：20/241, 已通过：0
   进度：40/241, 已通过：0
   进度：60/241, 已通过：0
   进度：80/241, 已通过：0
   进度：100/241, 已通过：0
   进度：120/241, 已通过：0
   进度：140/241, 已通过：0
   进度：160/241, 已通过：0
   进度：180/241, 已通过：0
   进度：200/241, 已通过：0
   进度：220/241, 已通过：0
   进度：240/241, 已通过：0

================================================================================
筛选完成！共 0/241 只股票符合条件
================================================================================

没有股票符合所有条件
