/home/admin/.local/lib/python3.10/site-packages/requests/__init__.py:113: RequestsDependencyWarning: urllib3 (2.6.3) or chardet (7.1.0)/charset_normalizer (3.4.5) doesn't match a supported version!
  warnings.warn(
================================================================================
A 股创业板 (300xxx) 股票筛选 - 最终优化版
条件：PE<50, ROE 连续 5 年>5%, ROIC 连续 5 年>5%, 自由现金流连续 5 年>0, 资产负债率<50%
================================================================================
正在获取创业板股票列表...
创业板股票数量：939
最新交易日：20260430
正在获取 20260430 的 PE 数据...
  进度：100/939 (10.6%)
  进度：200/939 (21.3%)
  进度：300/939 (31.9%)
  进度：400/939 (42.6%)
  进度：500/939 (53.2%)
  进度：600/939 (63.9%)
  进度：700/939 (74.5%)
  进度：800/939 (85.2%)
  进度：900/939 (95.8%)
  进度：939/939 (100.0%)
获取到 0 只股票的有效 PE 数据
PE<50 的股票数量：0
没有 PE<50 的股票
